<?xml version="1.0" encoding="UTF-8"?>
<!-- Generated by org.testng.reporters.JUnitReportReporter -->
<testsuite hostname="Deepak-PC" name="com.ComName.ProName.LoginToApplication" tests="1" failures="0" timestamp="14 May 2020 18:04:01 GMT" time="45.429" errors="0">
  <testcase name="loginToApplication" time="45.429" classname="com.ComName.ProName.LoginToApplication"/>
</testsuite> <!-- com.ComName.ProName.LoginToApplication -->
