<?xml version="1.0" encoding="UTF-8"?>
<!-- Generated by org.testng.reporters.JUnitReportReporter -->
<testsuite hostname="Deepak-PC" name="com.ComName.ProName.testCase.TC003_Create_an_Account" tests="1" failures="0" timestamp="24 May 2020 13:32:41 GMT" time="22.774" errors="0">
  <testcase name="TC003_Create_An_Account" time="22.774" classname="com.ComName.ProName.testCase.TC003_Create_an_Account"/>
</testsuite> <!-- com.ComName.ProName.testCase.TC003_Create_an_Account -->
