<?xml version="1.0" encoding="UTF-8"?>
<!-- Generated by org.testng.reporters.JUnitReportReporter -->
<testsuite hostname="Deepak-PC" name="com.ComName.ProName.testCase.TC002_Create_an_Account" tests="1" failures="0" timestamp="24 May 2020 13:32:41 GMT" time="0.000" errors="1">
  <testcase name="TC002_Create_An_Account" time="0.000" classname="com.ComName.ProName.testCase.TC002_Create_an_Account"/>
</testsuite> <!-- com.ComName.ProName.testCase.TC002_Create_an_Account -->
