<?xml version="1.0" encoding="UTF-8"?>
<!-- Generated by org.testng.reporters.JUnitReportReporter -->
<testsuite hostname="Deepak-PC" name="testCase.TC001_Create_an_Account" tests="1" failures="0" timestamp="24 May 2020 11:37:23 GMT" time="76.906" errors="0">
  <testcase name="TC001_Create_An_Account" time="76.906" classname="testCase.TC001_Create_an_Account"/>
</testsuite> <!-- testCase.TC001_Create_an_Account -->
