<?xml version="1.0" encoding="UTF-8"?>
<!-- Generated by org.testng.reporters.JUnitReportReporter -->
<testsuite hostname="Deepak-PC" name="com.ComName.ProName.ReadingDataFromXlsx" tests="7" failures="0" timestamp="4 May 2020 18:02:18 GMT" time="0.044" errors="0">
  <testcase name="dataReading" time="0.013" classname="com.ComName.ProName.ReadingDataFromXlsx"/>
  <testcase name="dataReading" time="0.020" classname="com.ComName.ProName.ReadingDataFromXlsx"/>
  <testcase name="dataReading" time="0.005" classname="com.ComName.ProName.ReadingDataFromXlsx"/>
  <testcase name="dataReading" time="0.001" classname="com.ComName.ProName.ReadingDataFromXlsx"/>
  <testcase name="dataReading" time="0.002" classname="com.ComName.ProName.ReadingDataFromXlsx"/>
  <testcase name="dataReading" time="0.001" classname="com.ComName.ProName.ReadingDataFromXlsx"/>
  <testcase name="dataReading" time="0.002" classname="com.ComName.ProName.ReadingDataFromXlsx"/>
</testsuite> <!-- com.ComName.ProName.ReadingDataFromXlsx -->
