<?xml version="1.0" encoding="UTF-8"?>
<!-- Generated by org.testng.reporters.JUnitReportReporter -->
<testsuite hostname="Deepak-PC" name="com.ComName.ProName.DataReading" tests="1" failures="0" timestamp="3 May 2020 18:34:56 GMT" time="1.211" errors="0">
  <testcase name="dataReading" time="1.211" classname="com.ComName.ProName.DataReading"/>
</testsuite> <!-- com.ComName.ProName.DataReading -->
