<?xml version="1.0" encoding="UTF-8"?>
<!-- Generated by org.testng.reporters.JUnitReportReporter -->
<testsuite hostname="Deepak-PC" name="com.ComName.ProName.TC001_Create_an_Account" tests="1" failures="0" timestamp="15 May 2020 07:41:14 GMT" time="73.250" errors="0">
  <testcase name="TC001_Create_An_Account" time="73.250" classname="com.ComName.ProName.TC001_Create_an_Account"/>
</testsuite> <!-- com.ComName.ProName.TC001_Create_an_Account -->
