<?xml version="1.0" encoding="UTF-8"?>
<!-- Generated by org.testng.reporters.JUnitReportReporter -->
<testsuite hostname="Deepak-PC" name="com.ComName.ProName.HashTable" tests="1" failures="0" timestamp="3 May 2020 18:21:40 GMT" time="0.018" errors="0">
  <testcase name="hashTable" time="0.018" classname="com.ComName.ProName.HashTable"/>
</testsuite> <!-- com.ComName.ProName.HashTable -->
